<?xml version="1.0" encoding="UTF-8"?>
<!-- Generated by org.testng.reporters.JUnitReportReporter -->
<testsuite skipped="0" hostname="BAALUU" name="com.netCore.TestScripts.IphoneSearchTest" tests="1" failures="0" timestamp="21 Feb 2021 12:51:18 GMT" time="4.931" errors="0">
  <testcase name="iphonesearchtestcase" time="4.931" classname="com.netCore.TestScripts.IphoneSearchTest"/>
</testsuite> <!-- com.netCore.TestScripts.IphoneSearchTest -->
